<?xml version="1.0" encoding="UTF-8"?>
<coverage generated="1561620261029" clover="3.2.0">
  <project timestamp="1561620261029" name="All files">
    <metrics statements="17" coveredstatements="9" conditionals="2" coveredconditionals="0" methods="6" coveredmethods="2" elements="25" coveredelements="11" complexity="0" loc="17" ncloc="17" packages="1" files="2" classes="2"/>
    <file name="app.js" path="D:\Workspace\UI_Developement\Offline_Classes\11AM_BATCH\NODE_JS\Node_JS_Completed_Files\20_JEST_Framework\app.js">
      <metrics statements="4" coveredstatements="4" conditionals="0" coveredconditionals="0" methods="2" coveredmethods="2"/>
      <line num="2" count="1" type="stmt"/>
      <line num="5" count="1" type="stmt"/>
      <line num="6" count="1" type="stmt"/>
      <line num="9" count="1" type="stmt"/>
    </file>
    <file name="utility.js" path="D:\Workspace\UI_Developement\Offline_Classes\11AM_BATCH\NODE_JS\Node_JS_Completed_Files\20_JEST_Framework\utility.js">
      <metrics statements="13" coveredstatements="5" conditionals="2" coveredconditionals="0" methods="4" coveredmethods="0"/>
      <line num="1" count="1" type="stmt"/>
      <line num="3" count="1" type="stmt"/>
      <line num="4" count="0" type="stmt"/>
      <line num="7" count="1" type="stmt"/>
      <line num="8" count="0" type="stmt"/>
      <line num="9" count="0" type="stmt"/>
      <line num="10" count="0" type="stmt"/>
      <line num="12" count="0" type="stmt"/>
      <line num="16" count="1" type="stmt"/>
      <line num="17" count="0" type="stmt"/>
      <line num="18" count="0" type="cond" truecount="0" falsecount="2"/>
      <line num="19" count="0" type="stmt"/>
      <line num="23" count="1" type="stmt"/>
    </file>
  </project>
</coverage>
