TN:
SF:D:\Workspace\UI_Developement\Offline_Classes\11AM_BATCH\NODE_JS\Node_JS_Completed_Files\20_JEST_Framework\app.js
FN:1,sum
FN:5,(anonymous_1)
FNF:2
FNH:2
FNDA:1,sum
FNDA:1,(anonymous_1)
DA:2,1
DA:5,1
DA:6,1
DA:9,1
LF:4
LH:4
BRF:0
BRH:0
end_of_record
TN:
SF:D:\Workspace\UI_Developement\Offline_Classes\11AM_BATCH\NODE_JS\Node_JS_Completed_Files\20_JEST_Framework\utility.js
FN:3,(anonymous_0)
FN:7,(anonymous_1)
FN:16,(anonymous_2)
FN:17,(anonymous_3)
FNF:4
FNH:0
FNDA:0,(anonymous_0)
FNDA:0,(anonymous_1)
FNDA:0,(anonymous_2)
FNDA:0,(anonymous_3)
DA:1,1
DA:3,1
DA:4,0
DA:7,1
DA:8,0
DA:9,0
DA:10,0
DA:12,0
DA:16,1
DA:17,0
DA:18,0
DA:19,0
DA:23,1
LF:13
LH:5
BRDA:18,0,0,0
BRDA:18,0,1,0
BRF:2
BRH:0
end_of_record
